[0.014s] Invoking command in '/home/fauzan/Documents/GitHub/magang-bayucaraka-2026/final-project/build/frame_control': DEBUGINFOD_URLS=https://debuginfod.ubuntu.com PS1=\[\e]0;\u@\h: \w\a\]${debian_chroot:+($debian_chroot)}\[\033[01;32m\]\u@\h\[\033[00m\]:\[\033[01;34m\]\w\[\033[00m\]\$ VIRTUAL_ENV_PROMPT=(venv-ardupilot) /usr/bin/cmake /home/fauzan/Documents/GitHub/magang-bayucaraka-2026/final-project -DCMAKE_INSTALL_PREFIX=/home/fauzan/Documents/GitHub/magang-bayucaraka-2026/final-project/install/frame_control
[0.248s] -- The C compiler identification is GNU 13.3.0
[0.429s] -- The CXX compiler identification is GNU 13.3.0
[0.469s] -- Detecting C compiler ABI info
[0.596s] -- Detecting C compiler ABI info - done
[0.615s] -- Check for working C compiler: /usr/lib/ccache/cc - skipped
[0.615s] -- Detecting C compile features
[0.616s] -- Detecting C compile features - done
[0.636s] -- Detecting CXX compiler ABI info
[0.787s] -- Detecting CXX compiler ABI info - done
[0.802s] -- Check for working CXX compiler: /usr/lib/ccache/c++ - skipped
[0.803s] -- Detecting CXX compile features
[0.803s] -- Detecting CXX compile features - done
[0.810s] -- Found ament_cmake: 2.5.5 (/opt/ros/jazzy/share/ament_cmake/cmake)
[1.004s] -- Found Python3: /home/fauzan/venv-ardupilot/bin/python3 (found version "3.12.3") found components: Interpreter 
[1.181s] [0mCMake Error: File /home/fauzan/Documents/GitHub/magang-bayucaraka-2026/final-project/package.xml does not exist.[0m
[1.181s] [31mCMake Error at /opt/ros/jazzy/share/ament_cmake_core/cmake/core/stamp.cmake:24 (configure_file):
[1.182s]   configure_file Problem configuring file
[1.182s] Call Stack (most recent call first):
[1.182s]   /opt/ros/jazzy/share/ament_cmake_core/cmake/core/ament_package_xml.cmake:73 (stamp)
[1.182s]   /opt/ros/jazzy/share/ament_cmake_core/cmake/core/ament_package_xml.cmake:49 (_ament_package_xml)
[1.182s]   /opt/ros/jazzy/share/ament_cmake_core/cmake/core/ament_package.cmake:63 (ament_package_xml)
[1.182s]   CMakeLists.txt:6 (ament_package)
[1.182s] 
[1.182s] [0m
[1.188s] -- Configuring incomplete, errors occurred!
[1.194s] Invoked command in '/home/fauzan/Documents/GitHub/magang-bayucaraka-2026/final-project/build/frame_control' returned '1': DEBUGINFOD_URLS=https://debuginfod.ubuntu.com PS1=\[\e]0;\u@\h: \w\a\]${debian_chroot:+($debian_chroot)}\[\033[01;32m\]\u@\h\[\033[00m\]:\[\033[01;34m\]\w\[\033[00m\]\$ VIRTUAL_ENV_PROMPT=(venv-ardupilot) /usr/bin/cmake /home/fauzan/Documents/GitHub/magang-bayucaraka-2026/final-project -DCMAKE_INSTALL_PREFIX=/home/fauzan/Documents/GitHub/magang-bayucaraka-2026/final-project/install/frame_control
